<?xml version="1.0" encoding="UTF-8"?>
<!-- Generated by org.testng.reporters.JUnitXMLReporter -->
<testsuite ignored="0" hostname="SeethaUSAPC" failures="0" tests="3" name="Test" time="21.11" errors="0" timestamp="22 Feb 2024 22:51:50 GMT">
  <testcase classname="P1Test.P1Testarti.ErrorValidations" name="loginErrorValidation" time="1.005"/>
  <testcase classname="P1Test.P1Testarti.ErrorValidations" name="productErrorValidation" time="2.672"/>
  <testcase classname="P1Test.P1Testarti.SubmitOrder" name="submitOrder" time="3.66"/>
</testsuite> <!-- Test -->
