<?xml version="1.0" encoding="UTF-8"?>
<testng-results ignored="0" total="3" passed="3" failed="0" skipped="0">
  <reporter-output>
  </reporter-output>
  <suite started-at="2024-02-22T22:51:28Z" name="Suite" finished-at="2024-02-22T22:51:50Z" duration-ms="21110">
    <groups>
    </groups>
    <test started-at="2024-02-22T22:51:28Z" name="Test" finished-at="2024-02-22T22:51:50Z" duration-ms="21110">
      <class name="P1Test.P1Testarti.ErrorValidations">
        <test-method is-config="true" signature="launchApplication()[pri:0, instance:P1Test.P1Testarti.ErrorValidations@1b955cac]" started-at="2024-02-22T22:51:28Z" name="launchApplication" finished-at="2024-02-22T22:51:34Z" duration-ms="5077" status="PASS">
          <reporter-output>
          </reporter-output>
        </test-method> <!-- launchApplication -->
        <test-method signature="loginErrorValidation()[pri:0, instance:P1Test.P1Testarti.ErrorValidations@1b955cac]" started-at="2024-02-22T22:51:34Z" name="loginErrorValidation" finished-at="2024-02-22T22:51:35Z" duration-ms="1005" status="PASS">
          <reporter-output>
          </reporter-output>
        </test-method> <!-- loginErrorValidation -->
        <test-method is-config="true" signature="teardown()[pri:0, instance:P1Test.P1Testarti.ErrorValidations@1b955cac]" started-at="2024-02-22T22:51:35Z" name="teardown" finished-at="2024-02-22T22:51:35Z" duration-ms="130" status="PASS">
          <reporter-output>
          </reporter-output>
        </test-method> <!-- teardown -->
        <test-method is-config="true" signature="launchApplication()[pri:0, instance:P1Test.P1Testarti.ErrorValidations@1b955cac]" started-at="2024-02-22T22:51:35Z" name="launchApplication" finished-at="2024-02-22T22:51:39Z" duration-ms="4081" status="PASS">
          <reporter-output>
          </reporter-output>
        </test-method> <!-- launchApplication -->
        <test-method signature="productErrorValidation()[pri:0, instance:P1Test.P1Testarti.ErrorValidations@1b955cac]" started-at="2024-02-22T22:51:39Z" name="productErrorValidation" finished-at="2024-02-22T22:51:41Z" duration-ms="2672" status="PASS">
          <reporter-output>
          </reporter-output>
        </test-method> <!-- productErrorValidation -->
        <test-method is-config="true" signature="teardown()[pri:0, instance:P1Test.P1Testarti.ErrorValidations@1b955cac]" started-at="2024-02-22T22:51:41Z" name="teardown" finished-at="2024-02-22T22:51:42Z" duration-ms="161" status="PASS">
          <reporter-output>
          </reporter-output>
        </test-method> <!-- teardown -->
      </class> <!-- P1Test.P1Testarti.ErrorValidations -->
      <class name="P1Test.P1Testarti.SubmitOrder">
        <test-method is-config="true" signature="launchApplication()[pri:0, instance:P1Test.P1Testarti.SubmitOrder@676cf48]" started-at="2024-02-22T22:51:42Z" name="launchApplication" finished-at="2024-02-22T22:51:46Z" duration-ms="4182" status="PASS">
          <reporter-output>
          </reporter-output>
        </test-method> <!-- launchApplication -->
        <test-method signature="submitOrder()[pri:0, instance:P1Test.P1Testarti.SubmitOrder@676cf48]" started-at="2024-02-22T22:51:46Z" name="submitOrder" finished-at="2024-02-22T22:51:49Z" duration-ms="3660" status="PASS">
          <reporter-output>
          </reporter-output>
        </test-method> <!-- submitOrder -->
        <test-method is-config="true" signature="teardown()[pri:0, instance:P1Test.P1Testarti.SubmitOrder@676cf48]" started-at="2024-02-22T22:51:49Z" name="teardown" finished-at="2024-02-22T22:51:50Z" duration-ms="128" status="PASS">
          <reporter-output>
          </reporter-output>
        </test-method> <!-- teardown -->
      </class> <!-- P1Test.P1Testarti.SubmitOrder -->
    </test> <!-- Test -->
  </suite> <!-- Suite -->
</testng-results>
